2025-02-23 14:37:58: [90m2025-02-23 14:37:58.000[39m [[32mINFO [39m] MongoDB connected successfully {"metadata":{}}
2025-02-23 14:37:58: [90m2025-02-23 14:37:58.000[39m [[32mINFO [39m] MongoDB connected successfully {"metadata":{}}
2025-02-23 14:37:58: [90m2025-02-23 14:37:58.002[39m [[32mINFO [39m] MongoDB connected successfully {"metadata":{}}
2025-02-23 14:37:58: [90m2025-02-23 14:37:58.005[39m [[32mINFO [39m] Redis connected successfully {"metadata":{}}
2025-02-23 14:37:58: [90m2025-02-23 14:37:58.007[39m [[32mINFO [39m] Redis connected successfully {"metadata":{}}
2025-02-23 14:37:58: [90m2025-02-23 14:37:58.008[39m [[32mINFO [39m] Redis connected successfully {"metadata":{}}
2025-02-23 14:37:58: [90m2025-02-23 14:37:58.005[39m [[32mINFO [39m] MongoDB connected successfully {"metadata":{}}
2025-02-23 14:37:58: [90m2025-02-23 14:37:58.011[39m [[32mINFO [39m] MongoDB connected successfully {"metadata":{}}
2025-02-23 14:37:58: [90m2025-02-23 14:37:58.012[39m [[32mINFO [39m] Server started on port 13258 {"metadata":{}}
2025-02-23 14:37:58: [90m2025-02-23 14:37:58.012[39m [[32mINFO [39m] Redis connected successfully {"metadata":{}}
2025-02-23 14:37:58: [90m2025-02-23 14:37:58.013[39m [[32mINFO [39m] Server started on port 13258 {"metadata":{}}
2025-02-23 14:37:58: [90m2025-02-23 14:37:58.013[39m [[32mINFO [39m] Server started on port 13258 {"metadata":{}}
2025-02-23 14:37:58: [90m2025-02-23 14:37:58.017[39m [[32mINFO [39m] Server started on port 13258 {"metadata":{}}
2025-02-23 14:37:58: [90m2025-02-23 14:37:58.019[39m [[32mINFO [39m] Redis connected successfully {"metadata":{}}
2025-02-23 14:37:58: [90m2025-02-23 14:37:58.023[39m [[32mINFO [39m] Server started on port 13258 {"metadata":{}}
2025-02-23 14:37:58: [90m2025-02-23 14:37:58.067[39m [[32mINFO [39m] MongoDB connected successfully {"metadata":{}}
2025-02-23 14:37:58: [90m2025-02-23 14:37:58.072[39m [[32mINFO [39m] Redis connected successfully {"metadata":{}}
2025-02-23 14:37:58: [90m2025-02-23 14:37:58.079[39m [[32mINFO [39m] Server started on port 13258 {"metadata":{}}
2025-02-23 14:37:58: [90m2025-02-23 14:37:58.090[39m [[32mINFO [39m] MongoDB connected successfully {"metadata":{}}
2025-02-23 14:37:58: [90m2025-02-23 14:37:58.094[39m [[32mINFO [39m] Redis connected successfully {"metadata":{}}
2025-02-23 14:37:58: [90m2025-02-23 14:37:58.100[39m [[32mINFO [39m] Server started on port 13258 {"metadata":{}}
2025-02-23 14:37:58: [90m2025-02-23 14:37:58.119[39m [[32mINFO [39m] MongoDB connected successfully {"metadata":{}}
2025-02-23 14:37:58: [90m2025-02-23 14:37:58.124[39m [[32mINFO [39m] Redis connected successfully {"metadata":{}}
2025-02-23 14:37:58: [90m2025-02-23 14:37:58.124[39m [[32mINFO [39m] MongoDB connected successfully {"metadata":{}}
2025-02-23 14:37:58: [90m2025-02-23 14:37:58.128[39m [[32mINFO [39m] Redis connected successfully {"metadata":{}}
2025-02-23 14:37:58: [90m2025-02-23 14:37:58.130[39m [[32mINFO [39m] Server started on port 13258 {"metadata":{}}
2025-02-23 14:37:58: [90m2025-02-23 14:37:58.133[39m [[32mINFO [39m] Server started on port 13258 {"metadata":{}}
2025-02-23 14:37:58: [90m2025-02-23 14:37:58.133[39m [[32mINFO [39m] MongoDB connected successfully {"metadata":{}}
2025-02-23 14:37:58: [90m2025-02-23 14:37:58.138[39m [[32mINFO [39m] Redis connected successfully {"metadata":{}}
2025-02-23 14:37:58: [90m2025-02-23 14:37:58.141[39m [[32mINFO [39m] MongoDB connected successfully {"metadata":{}}
2025-02-23 14:37:58: [90m2025-02-23 14:37:58.144[39m [[32mINFO [39m] Server started on port 13258 {"metadata":{}}
2025-02-23 14:37:58: [90m2025-02-23 14:37:58.146[39m [[32mINFO [39m] Redis connected successfully {"metadata":{}}
2025-02-23 14:37:58: [90m2025-02-23 14:37:58.148[39m [[32mINFO [39m] MongoDB connected successfully {"metadata":{}}
2025-02-23 14:37:58: [90m2025-02-23 14:37:58.152[39m [[32mINFO [39m] Server started on port 13258 {"metadata":{}}
2025-02-23 14:37:58: [90m2025-02-23 14:37:58.153[39m [[32mINFO [39m] Redis connected successfully {"metadata":{}}
2025-02-23 14:37:58: [90m2025-02-23 14:37:58.158[39m [[32mINFO [39m] Server started on port 13258 {"metadata":{}}
2025-02-23 14:40:08: [90m2025-02-23 14:40:08.621[39m [[32mINFO [39m] API请求: GET /api/users/list {"metadata":{"query":{}}}
2025-02-23 14:40:08: [90m2025-02-23 14:40:08.622[39m [[32mINFO [39m] 用户服务请求: GET /api/users/list {"metadata":{}}
2025-02-23 14:40:08: [90m2025-02-23 14:40:08.639[39m [[32mINFO [39m] HTTP {"metadata":{"req":{"method":"GET","path":"/list","query":{}},"res":{"status":200,"duration":"18ms"},"client":{"ip":"::ffff:192.168.1.157","userAgent":"Mozilla/5.0 (Macintosh; Intel Mac OS X 10_15_7) AppleWebKit/537.36 (KHTML, like Gecko) Chrome/133.0.0.0 Safari/537.36"}}}
2025-02-23 14:40:12: [90m2025-02-23 14:40:12.231[39m [[32mINFO [39m] API请求: GET /api/users/user_m7g0oedv_fzpm {"metadata":{"query":{}}}
2025-02-23 14:40:12: [90m2025-02-23 14:40:12.232[39m [[32mINFO [39m] 用户服务请求: GET /api/users/user_m7g0oedv_fzpm {"metadata":{}}
2025-02-23 14:40:12: [90m2025-02-23 14:40:12.244[39m [[32mINFO [39m] 获取用户信息成功 {"metadata":{"user_id":"user_m7g0oedv_fzpm","events_count":28}}
2025-02-23 14:40:12: [90m2025-02-23 14:40:12.249[39m [[32mINFO [39m] HTTP {"metadata":{"req":{"method":"GET","path":"/user_m7g0oedv_fzpm","query":{}},"res":{"status":200,"duration":"18ms"},"client":{"ip":"::ffff:192.168.1.157","userAgent":"Mozilla/5.0 (Macintosh; Intel Mac OS X 10_15_7) AppleWebKit/537.36 (KHTML, like Gecko) Chrome/133.0.0.0 Safari/537.36"}}}
2025-02-23 14:40:15: [90m2025-02-23 14:40:15.737[39m [[32mINFO [39m] API请求: GET /api/users/user_m7fz1bc7_v4as {"metadata":{"query":{}}}
2025-02-23 14:40:15: [90m2025-02-23 14:40:15.739[39m [[32mINFO [39m] 用户服务请求: GET /api/users/user_m7fz1bc7_v4as {"metadata":{}}
2025-02-23 14:40:15: [90m2025-02-23 14:40:15.752[39m [[32mINFO [39m] 获取用户信息成功 {"metadata":{"user_id":"user_m7fz1bc7_v4as","events_count":16}}
2025-02-23 14:40:15: [90m2025-02-23 14:40:15.754[39m [[32mINFO [39m] HTTP {"metadata":{"req":{"method":"GET","path":"/user_m7fz1bc7_v4as","query":{}},"res":{"status":200,"duration":"17ms"},"client":{"ip":"::ffff:192.168.1.157","userAgent":"Mozilla/5.0 (Macintosh; Intel Mac OS X 10_15_7) AppleWebKit/537.36 (KHTML, like Gecko) Chrome/133.0.0.0 Safari/537.36"}}}
2025-02-23 14:40:17: [90m2025-02-23 14:40:17.529[39m [[32mINFO [39m] API请求: GET /api/users/user_m7em7t84_mca6 {"metadata":{"query":{}}}
2025-02-23 14:40:17: [90m2025-02-23 14:40:17.530[39m [[32mINFO [39m] 用户服务请求: GET /api/users/user_m7em7t84_mca6 {"metadata":{}}
2025-02-23 14:40:17: [90m2025-02-23 14:40:17.536[39m [[32mINFO [39m] 获取用户信息成功 {"metadata":{"user_id":"user_m7em7t84_mca6","events_count":17}}
2025-02-23 14:40:17: [90m2025-02-23 14:40:17.537[39m [[32mINFO [39m] HTTP {"metadata":{"req":{"method":"GET","path":"/user_m7em7t84_mca6","query":{}},"res":{"status":200,"duration":"8ms"},"client":{"ip":"::ffff:192.168.1.157","userAgent":"Mozilla/5.0 (Macintosh; Intel Mac OS X 10_15_7) AppleWebKit/537.36 (KHTML, like Gecko) Chrome/133.0.0.0 Safari/537.36"}}}
